{
  "RSpec": {
    "coverage": {
      "/home/app/app/controllers/api/v1/directories/favourite_sounds_controller.rb": [
        1,
        1,
        1,
        1,
        1,
        null,
        1,
        3,
        1,
        1,
        1,
        null,
        null,
        1,
        1,
        1,
        1,
        null,
        null,
        1,
        null,
        1,
        6,
        5,
        null,
        null,
        null,
        null,
        null
      ],
      "/home/app/app/controllers/application_controller.rb": [
        1,
        1,
        null,
        1,
        1,
        1,
        null,
        1,
        0,
        null,
        null,
        1,
        null,
        1,
        3,
        null,
        null,
        1,
        4,
        null,
        null,
        1,
        0,
        null,
        null
      ],
      "/home/app/app/controllers/api/v1/directories_controller.rb": [
        1,
        1,
        1,
        1,
        null,
        1,
        1,
        1,
        null,
        null,
        null,
        1,
        null,
        null,
        1,
        2,
        1,
        null,
        null,
        1,
        3,
        3,
        2,
        null,
        null,
        1,
        1,
        1,
        1,
        null,
        null,
        1,
        null,
        1,
        3,
        2,
        null,
        null,
        null,
        null
      ],
      "/home/app/app/controllers/api/v1/favourite_sounds_controller.rb": [
        1,
        1,
        1,
        1,
        null,
        1,
        1,
        1,
        null,
        null,
        1,
        4,
        2,
        2,
        null,
        null,
        1,
        2,
        1,
        1,
        null,
        null,
        1,
        null,
        1,
        4,
        3,
        null,
        null,
        null,
        null
      ],
      "/home/app/app/controllers/api/v1/sounds_controller.rb": [
        1,
        1,
        1,
        1,
        null,
        1,
        1,
        1,
        null,
        null,
        null,
        null
      ],
      "/home/app/app/models/directory.rb": [
        1,
        1,
        1,
        null,
        1,
        1,
        1,
        null,
        1,
        null
      ],
      "/home/app/app/models/favourite_sound.rb": [
        1,
        1,
        1,
        null,
        1,
        1,
        null
      ],
      "/home/app/app/models/user.rb": [
        1,
        1,
        1,
        1,
        null,
        1,
        1,
        null
      ],
      "/home/app/app/serializers/v1/directory_serializer.rb": [
        1,
        1,
        1,
        null,
        1,
        6,
        null,
        null,
        null,
        null,
        1,
        6,
        null,
        null,
        null,
        null,
        null
      ],
      "/home/app/app/serializers/v1/simple_directory_serializer.rb": [
        1,
        1,
        1,
        null,
        null
      ],
      "/home/app/app/serializers/v1/sound_serializer.rb": [
        1,
        1,
        1,
        null,
        null
      ],
      "/home/app/app/controllers/api/v1/tokens_controller.rb": [
        0,
        0,
        0,
        0,
        0,
        0,
        0,
        0,
        0,
        0,
        0,
        0,
        0,
        0
      ]
    },
    "timestamp": 1514377955
  }
}
